  ДЗ 6.cpp
C:\Users\Maxym\Desktop\ДЗ 6\ДЗ 6.cpp(137,9): warning C4566: character represented by universal-character-name '\u2554' cannot be represented in the current code page (1251)
C:\Users\Maxym\Desktop\ДЗ 6\ДЗ 6.cpp(137,9): warning C4566: character represented by universal-character-name '\u2550' cannot be represented in the current code page (1251)
C:\Users\Maxym\Desktop\ДЗ 6\ДЗ 6.cpp(137,9): warning C4566: character represented by universal-character-name '\u2557' cannot be represented in the current code page (1251)
C:\Users\Maxym\Desktop\ДЗ 6\ДЗ 6.cpp(138,9): warning C4566: character represented by universal-character-name '\u2551' cannot be represented in the current code page (1251)
C:\Users\Maxym\Desktop\ДЗ 6\ДЗ 6.cpp(139,9): warning C4566: character represented by universal-character-name '\u2551' cannot be represented in the current code page (1251)
C:\Users\Maxym\Desktop\ДЗ 6\ДЗ 6.cpp(139,9): warning C4566: character represented by universal-character-name '\u25CF' cannot be represented in the current code page (1251)
C:\Users\Maxym\Desktop\ДЗ 6\ДЗ 6.cpp(140,9): warning C4566: character represented by universal-character-name '\u2551' cannot be represented in the current code page (1251)
C:\Users\Maxym\Desktop\ДЗ 6\ДЗ 6.cpp(141,9): warning C4566: character represented by universal-character-name '\u255A' cannot be represented in the current code page (1251)
C:\Users\Maxym\Desktop\ДЗ 6\ДЗ 6.cpp(141,9): warning C4566: character represented by universal-character-name '\u2550' cannot be represented in the current code page (1251)
C:\Users\Maxym\Desktop\ДЗ 6\ДЗ 6.cpp(141,9): warning C4566: character represented by universal-character-name '\u255D' cannot be represented in the current code page (1251)
C:\Users\Maxym\Desktop\ДЗ 6\ДЗ 6.cpp(144,9): warning C4566: character represented by universal-character-name '\u2554' cannot be represented in the current code page (1251)
C:\Users\Maxym\Desktop\ДЗ 6\ДЗ 6.cpp(144,9): warning C4566: character represented by universal-character-name '\u2550' cannot be represented in the current code page (1251)
C:\Users\Maxym\Desktop\ДЗ 6\ДЗ 6.cpp(144,9): warning C4566: character represented by universal-character-name '\u2557' cannot be represented in the current code page (1251)
C:\Users\Maxym\Desktop\ДЗ 6\ДЗ 6.cpp(145,9): warning C4566: character represented by universal-character-name '\u2551' cannot be represented in the current code page (1251)
C:\Users\Maxym\Desktop\ДЗ 6\ДЗ 6.cpp(145,9): warning C4566: character represented by universal-character-name '\u25CF' cannot be represented in the current code page (1251)
C:\Users\Maxym\Desktop\ДЗ 6\ДЗ 6.cpp(146,9): warning C4566: character represented by universal-character-name '\u2551' cannot be represented in the current code page (1251)
C:\Users\Maxym\Desktop\ДЗ 6\ДЗ 6.cpp(147,9): warning C4566: character represented by universal-character-name '\u2551' cannot be represented in the current code page (1251)
C:\Users\Maxym\Desktop\ДЗ 6\ДЗ 6.cpp(147,9): warning C4566: character represented by universal-character-name '\u25CF' cannot be represented in the current code page (1251)
C:\Users\Maxym\Desktop\ДЗ 6\ДЗ 6.cpp(148,9): warning C4566: character represented by universal-character-name '\u255A' cannot be represented in the current code page (1251)
C:\Users\Maxym\Desktop\ДЗ 6\ДЗ 6.cpp(148,9): warning C4566: character represented by universal-character-name '\u2550' cannot be represented in the current code page (1251)
C:\Users\Maxym\Desktop\ДЗ 6\ДЗ 6.cpp(148,9): warning C4566: character represented by universal-character-name '\u255D' cannot be represented in the current code page (1251)
C:\Users\Maxym\Desktop\ДЗ 6\ДЗ 6.cpp(151,9): warning C4566: character represented by universal-character-name '\u2554' cannot be represented in the current code page (1251)
C:\Users\Maxym\Desktop\ДЗ 6\ДЗ 6.cpp(151,9): warning C4566: character represented by universal-character-name '\u2550' cannot be represented in the current code page (1251)
C:\Users\Maxym\Desktop\ДЗ 6\ДЗ 6.cpp(151,9): warning C4566: character represented by universal-character-name '\u2557' cannot be represented in the current code page (1251)
C:\Users\Maxym\Desktop\ДЗ 6\ДЗ 6.cpp(152,9): warning C4566: character represented by universal-character-name '\u2551' cannot be represented in the current code page (1251)
C:\Users\Maxym\Desktop\ДЗ 6\ДЗ 6.cpp(152,9): warning C4566: character represented by universal-character-name '\u25CF' cannot be represented in the current code page (1251)
C:\Users\Maxym\Desktop\ДЗ 6\ДЗ 6.cpp(153,9): warning C4566: character represented by universal-character-name '\u2551' cannot be represented in the current code page (1251)
C:\Users\Maxym\Desktop\ДЗ 6\ДЗ 6.cpp(153,9): warning C4566: character represented by universal-character-name '\u25CF' cannot be represented in the current code page (1251)
C:\Users\Maxym\Desktop\ДЗ 6\ДЗ 6.cpp(154,9): warning C4566: character represented by universal-character-name '\u2551' cannot be represented in the current code page (1251)
C:\Users\Maxym\Desktop\ДЗ 6\ДЗ 6.cpp(154,9): warning C4566: character represented by universal-character-name '\u25CF' cannot be represented in the current code page (1251)
C:\Users\Maxym\Desktop\ДЗ 6\ДЗ 6.cpp(155,9): warning C4566: character represented by universal-character-name '\u255A' cannot be represented in the current code page (1251)
C:\Users\Maxym\Desktop\ДЗ 6\ДЗ 6.cpp(155,9): warning C4566: character represented by universal-character-name '\u2550' cannot be represented in the current code page (1251)
C:\Users\Maxym\Desktop\ДЗ 6\ДЗ 6.cpp(155,9): warning C4566: character represented by universal-character-name '\u255D' cannot be represented in the current code page (1251)
C:\Users\Maxym\Desktop\ДЗ 6\ДЗ 6.cpp(157,9): warning C4566: character represented by universal-character-name '\u2554' cannot be represented in the current code page (1251)
C:\Users\Maxym\Desktop\ДЗ 6\ДЗ 6.cpp(157,9): warning C4566: character represented by universal-character-name '\u2550' cannot be represented in the current code page (1251)
C:\Users\Maxym\Desktop\ДЗ 6\ДЗ 6.cpp(157,9): warning C4566: character represented by universal-character-name '\u2557' cannot be represented in the current code page (1251)
C:\Users\Maxym\Desktop\ДЗ 6\ДЗ 6.cpp(158,9): warning C4566: character represented by universal-character-name '\u2551' cannot be represented in the current code page (1251)
C:\Users\Maxym\Desktop\ДЗ 6\ДЗ 6.cpp(158,9): warning C4566: character represented by universal-character-name '\u25CF' cannot be represented in the current code page (1251)
C:\Users\Maxym\Desktop\ДЗ 6\ДЗ 6.cpp(159,9): warning C4566: character represented by universal-character-name '\u2551' cannot be represented in the current code page (1251)
C:\Users\Maxym\Desktop\ДЗ 6\ДЗ 6.cpp(160,9): warning C4566: character represented by universal-character-name '\u2551' cannot be represented in the current code page (1251)
C:\Users\Maxym\Desktop\ДЗ 6\ДЗ 6.cpp(160,9): warning C4566: character represented by universal-character-name '\u25CF' cannot be represented in the current code page (1251)
C:\Users\Maxym\Desktop\ДЗ 6\ДЗ 6.cpp(161,9): warning C4566: character represented by universal-character-name '\u255A' cannot be represented in the current code page (1251)
C:\Users\Maxym\Desktop\ДЗ 6\ДЗ 6.cpp(161,9): warning C4566: character represented by universal-character-name '\u2550' cannot be represented in the current code page (1251)
C:\Users\Maxym\Desktop\ДЗ 6\ДЗ 6.cpp(161,9): warning C4566: character represented by universal-character-name '\u255D' cannot be represented in the current code page (1251)
C:\Users\Maxym\Desktop\ДЗ 6\ДЗ 6.cpp(163,9): warning C4566: character represented by universal-character-name '\u2554' cannot be represented in the current code page (1251)
C:\Users\Maxym\Desktop\ДЗ 6\ДЗ 6.cpp(163,9): warning C4566: character represented by universal-character-name '\u2550' cannot be represented in the current code page (1251)
C:\Users\Maxym\Desktop\ДЗ 6\ДЗ 6.cpp(163,9): warning C4566: character represented by universal-character-name '\u2557' cannot be represented in the current code page (1251)
C:\Users\Maxym\Desktop\ДЗ 6\ДЗ 6.cpp(164,9): warning C4566: character represented by universal-character-name '\u2551' cannot be represented in the current code page (1251)
C:\Users\Maxym\Desktop\ДЗ 6\ДЗ 6.cpp(164,9): warning C4566: character represented by universal-character-name '\u25CF' cannot be represented in the current code page (1251)
C:\Users\Maxym\Desktop\ДЗ 6\ДЗ 6.cpp(165,9): warning C4566: character represented by universal-character-name '\u2551' cannot be represented in the current code page (1251)
C:\Users\Maxym\Desktop\ДЗ 6\ДЗ 6.cpp(166,9): warning C4566: character represented by universal-character-name '\u2551' cannot be represented in the current code page (1251)
C:\Users\Maxym\Desktop\ДЗ 6\ДЗ 6.cpp(166,9): warning C4566: character represented by universal-character-name '\u25CF' cannot be represented in the current code page (1251)
C:\Users\Maxym\Desktop\ДЗ 6\ДЗ 6.cpp(167,9): warning C4566: character represented by universal-character-name '\u255A' cannot be represented in the current code page (1251)
C:\Users\Maxym\Desktop\ДЗ 6\ДЗ 6.cpp(167,9): warning C4566: character represented by universal-character-name '\u2550' cannot be represented in the current code page (1251)
C:\Users\Maxym\Desktop\ДЗ 6\ДЗ 6.cpp(167,9): warning C4566: character represented by universal-character-name '\u255D' cannot be represented in the current code page (1251)
C:\Users\Maxym\Desktop\ДЗ 6\ДЗ 6.cpp(169,9): warning C4566: character represented by universal-character-name '\u2554' cannot be represented in the current code page (1251)
C:\Users\Maxym\Desktop\ДЗ 6\ДЗ 6.cpp(169,9): warning C4566: character represented by universal-character-name '\u2550' cannot be represented in the current code page (1251)
C:\Users\Maxym\Desktop\ДЗ 6\ДЗ 6.cpp(169,9): warning C4566: character represented by universal-character-name '\u2557' cannot be represented in the current code page (1251)
C:\Users\Maxym\Desktop\ДЗ 6\ДЗ 6.cpp(170,9): warning C4566: character represented by universal-character-name '\u2551' cannot be represented in the current code page (1251)
C:\Users\Maxym\Desktop\ДЗ 6\ДЗ 6.cpp(170,9): warning C4566: character represented by universal-character-name '\u25CF' cannot be represented in the current code page (1251)
C:\Users\Maxym\Desktop\ДЗ 6\ДЗ 6.cpp(171,9): warning C4566: character represented by universal-character-name '\u2551' cannot be represented in the current code page (1251)
C:\Users\Maxym\Desktop\ДЗ 6\ДЗ 6.cpp(171,9): warning C4566: character represented by universal-character-name '\u25CF' cannot be represented in the current code page (1251)
C:\Users\Maxym\Desktop\ДЗ 6\ДЗ 6.cpp(172,9): warning C4566: character represented by universal-character-name '\u2551' cannot be represented in the current code page (1251)
C:\Users\Maxym\Desktop\ДЗ 6\ДЗ 6.cpp(172,9): warning C4566: character represented by universal-character-name '\u25CF' cannot be represented in the current code page (1251)
C:\Users\Maxym\Desktop\ДЗ 6\ДЗ 6.cpp(173,9): warning C4566: character represented by universal-character-name '\u255A' cannot be represented in the current code page (1251)
C:\Users\Maxym\Desktop\ДЗ 6\ДЗ 6.cpp(173,9): warning C4566: character represented by universal-character-name '\u2550' cannot be represented in the current code page (1251)
C:\Users\Maxym\Desktop\ДЗ 6\ДЗ 6.cpp(173,9): warning C4566: character represented by universal-character-name '\u255D' cannot be represented in the current code page (1251)
C:\Users\Maxym\Desktop\ДЗ 6\ДЗ 6.cpp(174,9): warning C4566: character represented by universal-character-name '\u2554' cannot be represented in the current code page (1251)
C:\Users\Maxym\Desktop\ДЗ 6\ДЗ 6.cpp(174,9): warning C4566: character represented by universal-character-name '\u2550' cannot be represented in the current code page (1251)
C:\Users\Maxym\Desktop\ДЗ 6\ДЗ 6.cpp(174,9): warning C4566: character represented by universal-character-name '\u2557' cannot be represented in the current code page (1251)
C:\Users\Maxym\Desktop\ДЗ 6\ДЗ 6.cpp(175,9): warning C4566: character represented by universal-character-name '\u2551' cannot be represented in the current code page (1251)
C:\Users\Maxym\Desktop\ДЗ 6\ДЗ 6.cpp(175,9): warning C4566: character represented by universal-character-name '\u25CF' cannot be represented in the current code page (1251)
C:\Users\Maxym\Desktop\ДЗ 6\ДЗ 6.cpp(176,9): warning C4566: character represented by universal-character-name '\u2551' cannot be represented in the current code page (1251)
C:\Users\Maxym\Desktop\ДЗ 6\ДЗ 6.cpp(176,9): warning C4566: character represented by universal-character-name '\u25CF' cannot be represented in the current code page (1251)
C:\Users\Maxym\Desktop\ДЗ 6\ДЗ 6.cpp(177,9): warning C4566: character represented by universal-character-name '\u2551' cannot be represented in the current code page (1251)
C:\Users\Maxym\Desktop\ДЗ 6\ДЗ 6.cpp(177,9): warning C4566: character represented by universal-character-name '\u25CF' cannot be represented in the current code page (1251)
C:\Users\Maxym\Desktop\ДЗ 6\ДЗ 6.cpp(178,9): warning C4566: character represented by universal-character-name '\u255A' cannot be represented in the current code page (1251)
C:\Users\Maxym\Desktop\ДЗ 6\ДЗ 6.cpp(178,9): warning C4566: character represented by universal-character-name '\u2550' cannot be represented in the current code page (1251)
C:\Users\Maxym\Desktop\ДЗ 6\ДЗ 6.cpp(178,9): warning C4566: character represented by universal-character-name '\u255D' cannot be represented in the current code page (1251)
C:\Users\Maxym\Desktop\ДЗ 6\ДЗ 6.cpp(174,9): error C2078: too many initializers
C:\Users\Maxym\Desktop\ДЗ 6\ДЗ 6.cpp(184,15): warning C4244: 'argument': conversion from 'time_t' to 'unsigned int', possible loss of data
